Build started 7.4.2017 г. 23:10:36.
     1>Project "D:\Code\Cpp\AlwaysSortedArray\AlwaysSortedArray\AlwaysSortedArray.vcxproj" on node 2 (Build target(s)).
     1>ClCompile:
         C:\PROGRAMS\Visual Studio 2013\VC\bin\CL.exe /c /ZI /nologo /W3 /WX- /sdl /Od /Oy- /D _MBCS /Gm /EHsc /RTC1 /MDd /GS /fp:precise /Zc:wchar_t /Zc:forScope /Fo"Debug\\" /Fd"Debug\vc120.pdb" /Gd /TP /analyze- /errorReport:prompt Source.cpp
         Source.cpp
     1>d:\code\cpp\alwayssortedarray\alwayssortedarray\dynamicarray.h(175): warning C4018: '<' : signed/unsigned mismatch
                 d:\code\cpp\alwayssortedarray\alwayssortedarray\dynamicarray.h(174) : while compiling class template member function 'void DynamicArray<TYPE>::serialize(std::ostream &) const'
                 with
                 [
                     TYPE=int
                 ]
                 d:\code\cpp\alwayssortedarray\alwayssortedarray\sorteddynamicarray.h(11) : see reference to class template instantiation 'DynamicArray<TYPE>' being compiled
                 with
                 [
                     TYPE=int
                 ]
                 d:\code\cpp\alwayssortedarray\alwayssortedarray\source.cpp(5) : see reference to class template instantiation 'SortedDynamicArray<int>' being compiled
     1>d:\code\cpp\alwayssortedarray\alwayssortedarray\dynamicarray.h(126): warning C4018: '<' : signed/unsigned mismatch
                 d:\code\cpp\alwayssortedarray\alwayssortedarray\dynamicarray.h(123) : while compiling class template member function 'void DynamicArray<TYPE>::resize(void)'
                 with
                 [
                     TYPE=int
                 ]
                 d:\code\cpp\alwayssortedarray\alwayssortedarray\dynamicarray.h(109) : see reference to function template instantiation 'void DynamicArray<TYPE>::resize(void)' being compiled
                 with
                 [
                     TYPE=int
                 ]
                 d:\code\cpp\alwayssortedarray\alwayssortedarray\dynamicarray.h(47) : while compiling class template member function 'DynamicArray<TYPE>::~DynamicArray(void)'
                 with
                 [
                     TYPE=int
                 ]
                 d:\code\cpp\alwayssortedarray\alwayssortedarray\source.cpp(30) : see reference to function template instantiation 'DynamicArray<TYPE>::~DynamicArray(void)' being compiled
                 with
                 [
                     TYPE=int
                 ]
     1>d:\code\cpp\alwayssortedarray\alwayssortedarray\sorteddynamicarray.h(40): warning C4018: '<' : signed/unsigned mismatch
                 d:\code\cpp\alwayssortedarray\alwayssortedarray\sorteddynamicarray.h(39) : while compiling class template member function 'size_t SortedDynamicArray<int>::findInsertIndexForElement(const TYPE &) const'
                 with
                 [
                     TYPE=int
                 ]
                 d:\code\cpp\alwayssortedarray\alwayssortedarray\sorteddynamicarray.h(29) : see reference to function template instantiation 'size_t SortedDynamicArray<int>::findInsertIndexForElement(const TYPE &) const' being compiled
                 with
                 [
                     TYPE=int
                 ]
                 d:\code\cpp\alwayssortedarray\alwayssortedarray\sorteddynamicarray.h(24) : while compiling class template member function 'SortedDynamicArray<int>::SortedDynamicArray(void)'
                 d:\code\cpp\alwayssortedarray\alwayssortedarray\source.cpp(5) : see reference to function template instantiation 'SortedDynamicArray<int>::SortedDynamicArray(void)' being compiled
     1>d:\code\cpp\alwayssortedarray\alwayssortedarray\sorteddynamicarray.h(53): warning C4018: '>' : signed/unsigned mismatch
                 d:\code\cpp\alwayssortedarray\alwayssortedarray\sorteddynamicarray.h(49) : while compiling class template member function 'void SortedDynamicArray<int>::shiftElementsRightIfNecessaryFrom(const size_t)'
                 d:\code\cpp\alwayssortedarray\alwayssortedarray\sorteddynamicarray.h(33) : see reference to function template instantiation 'void SortedDynamicArray<int>::shiftElementsRightIfNecessaryFrom(const size_t)' being compiled
     1>d:\code\cpp\alwayssortedarray\alwayssortedarray\sorteddynamicarray.h(46): warning C4715: 'SortedDynamicArray<int>::findInsertIndexForElement' : not all control paths return a value
       Link:
         C:\PROGRAMS\Visual Studio 2013\VC\bin\link.exe /ERRORREPORT:PROMPT /OUT:"D:\Code\Cpp\AlwaysSortedArray\Debug\AlwaysSortedArray.exe" /INCREMENTAL /NOLOGO kernel32.lib user32.lib gdi32.lib winspool.lib comdlg32.lib advapi32.lib shell32.lib ole32.lib oleaut32.lib uuid.lib odbc32.lib odbccp32.lib /MANIFEST /MANIFESTUAC:"level='asInvoker' uiAccess='false'" /manifest:embed /DEBUG /PDB:"D:\Code\Cpp\AlwaysSortedArray\Debug\AlwaysSortedArray.pdb" /TLBID:1 /DYNAMICBASE /NXCOMPAT /IMPLIB:"D:\Code\Cpp\AlwaysSortedArray\Debug\AlwaysSortedArray.lib" /MACHINE:X86 Debug\Source.obj
         AlwaysSortedArray.vcxproj -> D:\Code\Cpp\AlwaysSortedArray\Debug\AlwaysSortedArray.exe
     1>Done Building Project "D:\Code\Cpp\AlwaysSortedArray\AlwaysSortedArray\AlwaysSortedArray.vcxproj" (Build target(s)).

Build succeeded.

Time Elapsed 00:00:00.59
